{"D:\\personal-projects\\star_wars_serverless\\connection\\dynamoDB.js": {"path":"D:\\personal-projects\\star_wars_serverless\\connection\\dynamoDB.js","statementMap":{"0":{"start":{"line":1,"column":18},"end":{"line":1,"column":38}},"1":{"start":{"line":3,"column":25},"end":{"line":9,"column":1}},"2":{"start":{"line":4,"column":2},"end":{"line":8,"column":5}},"3":{"start":{"line":11,"column":0},"end":{"line":13,"column":2}}},"fnMap":{"0":{"name":"(anonymous_0)","decl":{"start":{"line":3,"column":25},"end":{"line":3,"column":26}},"loc":{"start":{"line":3,"column":31},"end":{"line":9,"column":1}},"line":3}},"branchMap":{},"s":{"0":1,"1":1,"2":1,"3":1},"f":{"0":1},"b":{},"_coverageSchema":"1a1c01bbd47fc00a2c39e90264f33305004495a9","hash":"3793c4ffe5ed32b107c1873a393dac4f1942cd28"}
,"D:\\personal-projects\\star_wars_serverless\\helpers\\helper.js": {"path":"D:\\personal-projects\\star_wars_serverless\\helpers\\helper.js","statementMap":{"0":{"start":{"line":1,"column":13},"end":{"line":1,"column":37}},"1":{"start":{"line":2,"column":24},"end":{"line":14,"column":1}},"2":{"start":{"line":3,"column":19},"end":{"line":3,"column":38}},"3":{"start":{"line":4,"column":12},"end":{"line":4,"column":14}},"4":{"start":{"line":5,"column":2},"end":{"line":12,"column":5}},"5":{"start":{"line":6,"column":23},"end":{"line":8,"column":5}},"6":{"start":{"line":7,"column":17},"end":{"line":7,"column":41}},"7":{"start":{"line":9,"column":4},"end":{"line":11,"column":5}},"8":{"start":{"line":10,"column":6},"end":{"line":10,"column":50}},"9":{"start":{"line":13,"column":2},"end":{"line":13,"column":13}},"10":{"start":{"line":16,"column":31},"end":{"line":22,"column":1}},"11":{"start":{"line":17,"column":27},"end":{"line":17,"column":29}},"12":{"start":{"line":18,"column":2},"end":{"line":20,"column":3}},"13":{"start":{"line":19,"column":4},"end":{"line":19,"column":51}},"14":{"start":{"line":21,"column":2},"end":{"line":21,"column":28}},"15":{"start":{"line":24,"column":22},"end":{"line":29,"column":1}},"16":{"start":{"line":25,"column":19},"end":{"line":25,"column":58}},"17":{"start":{"line":25,"column":45},"end":{"line":25,"column":57}},"18":{"start":{"line":26,"column":15},"end":{"line":26,"column":19}},"19":{"start":{"line":27,"column":2},"end":{"line":27,"column":32}},"20":{"start":{"line":27,"column":17},"end":{"line":27,"column":32}},"21":{"start":{"line":28,"column":2},"end":{"line":28,"column":16}},"22":{"start":{"line":31,"column":32},"end":{"line":37,"column":1}},"23":{"start":{"line":32,"column":19},"end":{"line":32,"column":38}},"24":{"start":{"line":33,"column":2},"end":{"line":36,"column":5}},"25":{"start":{"line":34,"column":18},"end":{"line":34,"column":65}},"26":{"start":{"line":34,"column":44},"end":{"line":34,"column":64}},"27":{"start":{"line":35,"column":4},"end":{"line":35,"column":68}},"28":{"start":{"line":35,"column":18},"end":{"line":35,"column":68}},"29":{"start":{"line":38,"column":0},"end":{"line":43,"column":2}}},"fnMap":{"0":{"name":"(anonymous_0)","decl":{"start":{"line":2,"column":24},"end":{"line":2,"column":25}},"loc":{"start":{"line":2,"column":36},"end":{"line":14,"column":1}},"line":2},"1":{"name":"(anonymous_1)","decl":{"start":{"line":5,"column":19},"end":{"line":5,"column":20}},"loc":{"start":{"line":5,"column":28},"end":{"line":12,"column":3}},"line":5},"2":{"name":"(anonymous_2)","decl":{"start":{"line":7,"column":6},"end":{"line":7,"column":7}},"loc":{"start":{"line":7,"column":17},"end":{"line":7,"column":41}},"line":7},"3":{"name":"(anonymous_3)","decl":{"start":{"line":16,"column":31},"end":{"line":16,"column":32}},"loc":{"start":{"line":16,"column":43},"end":{"line":22,"column":1}},"line":16},"4":{"name":"(anonymous_4)","decl":{"start":{"line":24,"column":22},"end":{"line":24,"column":23}},"loc":{"start":{"line":24,"column":32},"end":{"line":29,"column":1}},"line":24},"5":{"name":"(anonymous_5)","decl":{"start":{"line":25,"column":35},"end":{"line":25,"column":36}},"loc":{"start":{"line":25,"column":45},"end":{"line":25,"column":57}},"line":25},"6":{"name":"(anonymous_6)","decl":{"start":{"line":31,"column":32},"end":{"line":31,"column":33}},"loc":{"start":{"line":31,"column":44},"end":{"line":37,"column":1}},"line":31},"7":{"name":"(anonymous_7)","decl":{"start":{"line":33,"column":35},"end":{"line":33,"column":36}},"loc":{"start":{"line":33,"column":53},"end":{"line":36,"column":3}},"line":33},"8":{"name":"(anonymous_8)","decl":{"start":{"line":34,"column":34},"end":{"line":34,"column":35}},"loc":{"start":{"line":34,"column":44},"end":{"line":34,"column":64}},"line":34}},"branchMap":{"0":{"loc":{"start":{"line":9,"column":4},"end":{"line":11,"column":5}},"type":"if","locations":[{"start":{"line":9,"column":4},"end":{"line":11,"column":5}},{"start":{},"end":{}}],"line":9},"1":{"loc":{"start":{"line":27,"column":2},"end":{"line":27,"column":32}},"type":"if","locations":[{"start":{"line":27,"column":2},"end":{"line":27,"column":32}},{"start":{},"end":{}}],"line":27},"2":{"loc":{"start":{"line":35,"column":4},"end":{"line":35,"column":68}},"type":"if","locations":[{"start":{"line":35,"column":4},"end":{"line":35,"column":68}},{"start":{},"end":{}}],"line":35}},"s":{"0":1,"1":1,"2":16,"3":16,"4":16,"5":253,"6":3524,"7":253,"8":241,"9":16,"10":1,"11":1,"12":1,"13":10,"14":1,"15":1,"16":6,"17":21,"18":6,"19":6,"20":0,"21":6,"22":1,"23":3,"24":3,"25":19,"26":90,"27":19,"28":1,"29":1},"f":{"0":16,"1":253,"2":3524,"3":1,"4":6,"5":21,"6":3,"7":19,"8":90},"b":{"0":[241,12],"1":[0,6],"2":[1,18]},"_coverageSchema":"1a1c01bbd47fc00a2c39e90264f33305004495a9","hash":"4045b418ba55f2caea7f91c91d3d3a5bf8fe9d24"}
,"D:\\personal-projects\\star_wars_serverless\\libs\\controller.lib.js": {"path":"D:\\personal-projects\\star_wars_serverless\\libs\\controller.lib.js","statementMap":{"0":{"start":{"line":1,"column":14},"end":{"line":1,"column":30}},"1":{"start":{"line":2,"column":15},"end":{"line":2,"column":43}},"2":{"start":{"line":3,"column":20},"end":{"line":3,"column":59}},"3":{"start":{"line":4,"column":27},"end":{"line":14,"column":1}},"4":{"start":{"line":5,"column":2},"end":{"line":13,"column":3}},"5":{"start":{"line":6,"column":4},"end":{"line":6,"column":52}},"6":{"start":{"line":7,"column":21},"end":{"line":9,"column":5}},"7":{"start":{"line":10,"column":4},"end":{"line":10,"column":61}},"8":{"start":{"line":12,"column":4},"end":{"line":12,"column":55}},"9":{"start":{"line":16,"column":27},"end":{"line":42,"column":1}},"10":{"start":{"line":17,"column":12},"end":{"line":17,"column":45}},"11":{"start":{"line":18,"column":20},"end":{"line":18,"column":25}},"12":{"start":{"line":19,"column":2},"end":{"line":21,"column":3}},"13":{"start":{"line":20,"column":4},"end":{"line":20,"column":52}},"14":{"start":{"line":22,"column":2},"end":{"line":29,"column":3}},"15":{"start":{"line":23,"column":4},"end":{"line":26,"column":5}},"16":{"start":{"line":24,"column":6},"end":{"line":24,"column":22}},"17":{"start":{"line":25,"column":6},"end":{"line":25,"column":25}},"18":{"start":{"line":28,"column":4},"end":{"line":28,"column":34}},"19":{"start":{"line":30,"column":2},"end":{"line":41,"column":3}},"20":{"start":{"line":31,"column":21},"end":{"line":31,"column":41}},"21":{"start":{"line":33,"column":4},"end":{"line":37,"column":5}},"22":{"start":{"line":34,"column":6},"end":{"line":34,"column":50}},"23":{"start":{"line":36,"column":6},"end":{"line":36,"column":65}},"24":{"start":{"line":38,"column":4},"end":{"line":38,"column":18}},"25":{"start":{"line":40,"column":4},"end":{"line":40,"column":55}},"26":{"start":{"line":44,"column":24},"end":{"line":51,"column":1}},"27":{"start":{"line":45,"column":2},"end":{"line":50,"column":3}},"28":{"start":{"line":46,"column":4},"end":{"line":46,"column":46}},"29":{"start":{"line":47,"column":4},"end":{"line":47,"column":47}},"30":{"start":{"line":49,"column":4},"end":{"line":49,"column":35}},"31":{"start":{"line":53,"column":23},"end":{"line":61,"column":1}},"32":{"start":{"line":54,"column":2},"end":{"line":60,"column":3}},"33":{"start":{"line":55,"column":23},"end":{"line":55,"column":60}},"34":{"start":{"line":56,"column":4},"end":{"line":56,"column":68}},"35":{"start":{"line":56,"column":31},"end":{"line":56,"column":68}},"36":{"start":{"line":57,"column":4},"end":{"line":57,"column":22}},"37":{"start":{"line":59,"column":4},"end":{"line":59,"column":35}},"38":{"start":{"line":62,"column":0},"end":{"line":67,"column":2}}},"fnMap":{"0":{"name":"(anonymous_0)","decl":{"start":{"line":4,"column":27},"end":{"line":4,"column":28}},"loc":{"start":{"line":4,"column":45},"end":{"line":14,"column":1}},"line":4},"1":{"name":"(anonymous_1)","decl":{"start":{"line":16,"column":27},"end":{"line":16,"column":28}},"loc":{"start":{"line":16,"column":55},"end":{"line":42,"column":1}},"line":16},"2":{"name":"(anonymous_2)","decl":{"start":{"line":44,"column":24},"end":{"line":44,"column":25}},"loc":{"start":{"line":44,"column":45},"end":{"line":51,"column":1}},"line":44},"3":{"name":"(anonymous_3)","decl":{"start":{"line":53,"column":23},"end":{"line":53,"column":24}},"loc":{"start":{"line":53,"column":35},"end":{"line":61,"column":1}},"line":53}},"branchMap":{"0":{"loc":{"start":{"line":6,"column":13},"end":{"line":6,"column":51}},"type":"cond-expr","locations":[{"start":{"line":6,"column":27},"end":{"line":6,"column":28}},{"start":{"line":6,"column":31},"end":{"line":6,"column":51}}],"line":6},"1":{"loc":{"start":{"line":6,"column":31},"end":{"line":6,"column":51}},"type":"cond-expr","locations":[{"start":{"line":6,"column":41},"end":{"line":6,"column":42}},{"start":{"line":6,"column":45},"end":{"line":6,"column":51}}],"line":6},"2":{"loc":{"start":{"line":10,"column":41},"end":{"line":10,"column":59}},"type":"binary-expr","locations":[{"start":{"line":10,"column":41},"end":{"line":10,"column":53}},{"start":{"line":10,"column":57},"end":{"line":10,"column":59}}],"line":10},"3":{"loc":{"start":{"line":19,"column":2},"end":{"line":21,"column":3}},"type":"if","locations":[{"start":{"line":19,"column":2},"end":{"line":21,"column":3}},{"start":{},"end":{}}],"line":19},"4":{"loc":{"start":{"line":22,"column":2},"end":{"line":29,"column":3}},"type":"if","locations":[{"start":{"line":22,"column":2},"end":{"line":29,"column":3}},{"start":{"line":27,"column":9},"end":{"line":29,"column":3}}],"line":22},"5":{"loc":{"start":{"line":23,"column":4},"end":{"line":26,"column":5}},"type":"if","locations":[{"start":{"line":23,"column":4},"end":{"line":26,"column":5}},{"start":{},"end":{}}],"line":23},"6":{"loc":{"start":{"line":28,"column":20},"end":{"line":28,"column":31}},"type":"binary-expr","locations":[{"start":{"line":28,"column":20},"end":{"line":28,"column":26}},{"start":{"line":28,"column":30},"end":{"line":28,"column":31}}],"line":28},"7":{"loc":{"start":{"line":33,"column":4},"end":{"line":37,"column":5}},"type":"if","locations":[{"start":{"line":33,"column":4},"end":{"line":37,"column":5}},{"start":{"line":35,"column":11},"end":{"line":37,"column":5}}],"line":33},"8":{"loc":{"start":{"line":34,"column":38},"end":{"line":34,"column":48}},"type":"binary-expr","locations":[{"start":{"line":34,"column":38},"end":{"line":34,"column":42}},{"start":{"line":34,"column":46},"end":{"line":34,"column":48}}],"line":34},"9":{"loc":{"start":{"line":36,"column":45},"end":{"line":36,"column":63}},"type":"binary-expr","locations":[{"start":{"line":36,"column":45},"end":{"line":36,"column":57}},{"start":{"line":36,"column":61},"end":{"line":36,"column":63}}],"line":36},"10":{"loc":{"start":{"line":56,"column":4},"end":{"line":56,"column":68}},"type":"if","locations":[{"start":{"line":56,"column":4},"end":{"line":56,"column":68}},{"start":{},"end":{}}],"line":56}},"s":{"0":1,"1":1,"2":1,"3":1,"4":1,"5":1,"6":1,"7":1,"8":0,"9":1,"10":6,"11":6,"12":6,"13":0,"14":6,"15":6,"16":6,"17":6,"18":0,"19":6,"20":6,"21":6,"22":6,"23":0,"24":6,"25":0,"26":1,"27":3,"28":3,"29":2,"30":2,"31":1,"32":1,"33":1,"34":1,"35":0,"36":1,"37":0,"38":1},"f":{"0":1,"1":6,"2":3,"3":1},"b":{"0":[0,1],"1":[0,1],"2":[1,0],"3":[0,6],"4":[6,0],"5":[6,0],"6":[0,0],"7":[6,0],"8":[6,0],"9":[0,0],"10":[0,1]},"_coverageSchema":"1a1c01bbd47fc00a2c39e90264f33305004495a9","hash":"4111d097c309a34b5faccdaca31f56fa35db42e4"}
,"D:\\personal-projects\\star_wars_serverless\\models\\CharactersDB.model.js": {"path":"D:\\personal-projects\\star_wars_serverless\\models\\CharactersDB.model.js","statementMap":{"0":{"start":{"line":1,"column":18},"end":{"line":1,"column":38}},"1":{"start":{"line":2,"column":25},"end":{"line":67,"column":1}},"2":{"start":{"line":69,"column":21},"end":{"line":69,"column":70}},"3":{"start":{"line":71,"column":0},"end":{"line":71,"column":30}}},"fnMap":{},"branchMap":{},"s":{"0":1,"1":1,"2":1,"3":1},"f":{},"b":{},"_coverageSchema":"1a1c01bbd47fc00a2c39e90264f33305004495a9","hash":"65ba60b838af0061e32329954ddfb886e8a95293"}
,"D:\\personal-projects\\star_wars_serverless\\utils\\util.js": {"path":"D:\\personal-projects\\star_wars_serverless\\utils\\util.js","statementMap":{"0":{"start":{"line":1,"column":22},"end":{"line":53,"column":1}},"1":{"start":{"line":55,"column":14},"end":{"line":62,"column":1}},"2":{"start":{"line":64,"column":28},"end":{"line":74,"column":1}},"3":{"start":{"line":76,"column":0},"end":{"line":76,"column":63}}},"fnMap":{},"branchMap":{},"s":{"0":1,"1":1,"2":1,"3":1},"f":{},"b":{},"_coverageSchema":"1a1c01bbd47fc00a2c39e90264f33305004495a9","hash":"36a47ec04d0968cee4523a298a372e9eaca9d9f4"}
}
