TN:
SF:connection\dynamoDB.js
FN:3,(anonymous_0)
FNF:1
FNH:1
FNDA:1,(anonymous_0)
DA:1,1
DA:3,1
DA:4,1
DA:11,1
LF:4
LH:4
BRF:0
BRH:0
end_of_record
TN:
SF:helpers\helper.js
FN:2,(anonymous_0)
FN:5,(anonymous_1)
FN:7,(anonymous_2)
FN:16,(anonymous_3)
FN:24,(anonymous_4)
FN:25,(anonymous_5)
FN:31,(anonymous_6)
FN:33,(anonymous_7)
FN:34,(anonymous_8)
FNF:9
FNH:9
FNDA:16,(anonymous_0)
FNDA:253,(anonymous_1)
FNDA:3524,(anonymous_2)
FNDA:1,(anonymous_3)
FNDA:6,(anonymous_4)
FNDA:21,(anonymous_5)
FNDA:3,(anonymous_6)
FNDA:19,(anonymous_7)
FNDA:90,(anonymous_8)
DA:1,1
DA:2,1
DA:3,16
DA:4,16
DA:5,16
DA:6,253
DA:7,3524
DA:9,253
DA:10,241
DA:13,16
DA:16,1
DA:17,1
DA:18,1
DA:19,10
DA:21,1
DA:24,1
DA:25,21
DA:26,6
DA:27,6
DA:28,6
DA:31,1
DA:32,3
DA:33,3
DA:34,90
DA:35,19
DA:38,1
LF:26
LH:26
BRDA:9,0,0,241
BRDA:9,0,1,12
BRDA:27,1,0,0
BRDA:27,1,1,6
BRDA:35,2,0,1
BRDA:35,2,1,18
BRF:6
BRH:5
end_of_record
TN:
SF:libs\controller.lib.js
FN:4,(anonymous_0)
FN:16,(anonymous_1)
FN:44,(anonymous_2)
FN:53,(anonymous_3)
FNF:4
FNH:4
FNDA:1,(anonymous_0)
FNDA:6,(anonymous_1)
FNDA:3,(anonymous_2)
FNDA:1,(anonymous_3)
DA:1,1
DA:2,1
DA:3,1
DA:4,1
DA:5,1
DA:6,1
DA:7,1
DA:10,1
DA:12,0
DA:16,1
DA:17,6
DA:18,6
DA:19,6
DA:20,0
DA:22,6
DA:23,6
DA:24,6
DA:25,6
DA:28,0
DA:30,6
DA:31,6
DA:33,6
DA:34,6
DA:36,0
DA:38,6
DA:40,0
DA:44,1
DA:45,3
DA:46,3
DA:47,2
DA:49,2
DA:53,1
DA:54,1
DA:55,1
DA:56,1
DA:57,1
DA:59,0
DA:62,1
LF:38
LH:32
BRDA:6,0,0,0
BRDA:6,0,1,1
BRDA:6,1,0,0
BRDA:6,1,1,1
BRDA:10,2,0,1
BRDA:10,2,1,0
BRDA:19,3,0,0
BRDA:19,3,1,6
BRDA:22,4,0,6
BRDA:22,4,1,0
BRDA:23,5,0,6
BRDA:23,5,1,0
BRDA:28,6,0,0
BRDA:28,6,1,0
BRDA:33,7,0,6
BRDA:33,7,1,0
BRDA:34,8,0,6
BRDA:34,8,1,0
BRDA:36,9,0,0
BRDA:36,9,1,0
BRDA:56,10,0,0
BRDA:56,10,1,1
BRF:22
BRH:9
end_of_record
TN:
SF:models\CharactersDB.model.js
FNF:0
FNH:0
DA:1,1
DA:2,1
DA:69,1
DA:71,1
LF:4
LH:4
BRF:0
BRH:0
end_of_record
TN:
SF:utils\util.js
FNF:0
FNH:0
DA:1,1
DA:55,1
DA:64,1
DA:76,1
LF:4
LH:4
BRF:0
BRH:0
end_of_record
